<?xml version="1.0" encoding="UTF-8"?>
<coverage generated="1732362250446" clover="3.2.0">
  <project timestamp="1732362250446" name="All files">
    <metrics statements="24" coveredstatements="24" conditionals="0" coveredconditionals="0" methods="1" coveredmethods="1" elements="25" coveredelements="25" complexity="0" loc="24" ncloc="24" packages="1" files="1" classes="1"/>
    <file name="aws-prep-stack.ts" path="C:\Users\velmi\aws-prep\lib\aws-prep-stack.ts">
      <metrics statements="24" coveredstatements="24" conditionals="0" coveredconditionals="0" methods="1" coveredmethods="1"/>
      <line num="1" count="1" type="stmt"/>
      <line num="2" count="1" type="stmt"/>
      <line num="4" count="1" type="stmt"/>
      <line num="5" count="1" type="stmt"/>
      <line num="6" count="1" type="stmt"/>
      <line num="7" count="1" type="stmt"/>
      <line num="8" count="1" type="stmt"/>
      <line num="9" count="1" type="stmt"/>
      <line num="13" count="1" type="stmt"/>
      <line num="15" count="8" type="stmt"/>
      <line num="18" count="8" type="stmt"/>
      <line num="28" count="8" type="stmt"/>
      <line num="32" count="8" type="stmt"/>
      <line num="44" count="8" type="stmt"/>
      <line num="55" count="8" type="stmt"/>
      <line num="56" count="8" type="stmt"/>
      <line num="57" count="8" type="stmt"/>
      <line num="58" count="8" type="stmt"/>
      <line num="61" count="8" type="stmt"/>
      <line num="63" count="8" type="stmt"/>
      <line num="64" count="8" type="stmt"/>
      <line num="68" count="8" type="stmt"/>
      <line num="74" count="8" type="stmt"/>
      <line num="84" count="8" type="stmt"/>
    </file>
  </project>
</coverage>
