{"C:\\Users\\velmi\\aws-prep\\lib\\aws-prep-stack.ts": {"path":"C:\\Users\\velmi\\aws-prep\\lib\\aws-prep-stack.ts","statementMap":{"0":{"start":{"line":1,"column":0},"end":{"line":1,"column":35}},"1":{"start":{"line":2,"column":0},"end":{"line":2,"column":38}},"2":{"start":{"line":4,"column":0},"end":{"line":4,"column":91}},"3":{"start":{"line":5,"column":0},"end":{"line":5,"column":70}},"4":{"start":{"line":6,"column":0},"end":{"line":6,"column":61}},"5":{"start":{"line":7,"column":0},"end":{"line":7,"column":93}},"6":{"start":{"line":8,"column":0},"end":{"line":8,"column":78}},"7":{"start":{"line":9,"column":0},"end":{"line":9,"column":71}},"8":{"start":{"line":15,"column":4},"end":{"line":15,"column":28}},"9":{"start":{"line":18,"column":45},"end":{"line":25,"column":6}},"10":{"start":{"line":28,"column":23},"end":{"line":29,"column":33}},"11":{"start":{"line":32,"column":65},"end":{"line":41,"column":8}},"12":{"start":{"line":44,"column":69},"end":{"line":53,"column":8}},"13":{"start":{"line":55,"column":4},"end":{"line":55,"column":51}},"14":{"start":{"line":56,"column":4},"end":{"line":56,"column":51}},"15":{"start":{"line":57,"column":4},"end":{"line":57,"column":45}},"16":{"start":{"line":58,"column":4},"end":{"line":58,"column":45}},"17":{"start":{"line":61,"column":41},"end":{"line":61,"column":74}},"18":{"start":{"line":63,"column":48},"end":{"line":63,"column":83}},"19":{"start":{"line":64,"column":4},"end":{"line":64,"column":70}},"20":{"start":{"line":68,"column":4},"end":{"line":72,"column":7}},"21":{"start":{"line":74,"column":4},"end":{"line":82,"column":8}},"22":{"start":{"line":84,"column":4},"end":{"line":86,"column":7}},"23":{"start":{"line":13,"column":0},"end":{"line":13,"column":13}}},"fnMap":{"0":{"name":"(anonymous_0)","decl":{"start":{"line":14,"column":2},"end":{"line":14,"column":14}},"loc":{"start":{"line":14,"column":66},"end":{"line":89,"column":3}}}},"branchMap":{},"s":{"0":1,"1":1,"2":1,"3":1,"4":1,"5":1,"6":1,"7":1,"8":8,"9":8,"10":8,"11":8,"12":8,"13":8,"14":8,"15":8,"16":8,"17":8,"18":8,"19":8,"20":8,"21":8,"22":8,"23":1},"f":{"0":8},"b":{}}
}
